*I,RUNLD: Successfully loaded run /home/student/sklat/VDIC/lab03/run/cov_work/scope/lab03.
*I,MERGL1: Merging Simulation Coverage ...
----------------------------
*I,MERGL1: Preparing target model ...
*I,MERGL1: Reading model of primary run (cov_work/scope/lab03) as initial model: cov_work/scope/icc_4cfd0f1d_1c32a57f.ucm
*I,MERGL1: Target model generated successfully.
*I,MERGL1: Projecting Simulation ucd data into the target model ...
*I,MERGL2:   cov_work/scope/lab03:
*I,MERGL3:       Data is projected in to the target model.
*I,MERGL1: Writing output database cov_work/scope/merged_results:
*I,MERGL2:   Model: cov_work/scope/merged_results/icc_4cfd0f1d_1c32a57f.ucm
*I,MERGL2:   Data : cov_work/scope/merged_results/icc_4cfd0f1d_1c32a57f.ucd
*I,MERGL1: No Specman coverage databases found in the runs.
Total conflicts during target model creation: 0
Total items not merged                      : 0
Total runs not considered during target model creation: 0
Total runs not merged                                 : 0
*I,RUNLD: Successfully loaded run /home/student/sklat/VDIC/lab03/run/cov_work/scope/merged_results.
*W,REPDEP: This is a legacy report and no future enhancement is planned for this report. It is recommended that you use the 'report_metrics' command and generate a dynamic report.
name                                     Overall Average      Overall Covered      Code Average         Code Covered         Fsm Average          Fsm Covered          Functional Average   Functional Covered   
-----------------------------------------------------------------------------------------------------------------------------------------------------------------------------------------------------------------
top                                      n/a                  n/a                  n/a                  n/a                  n/a                  n/a                  n/a                  n/a                  
|--bfm                                   93.53%               97.27% (107/110)     93.53%               97.27% (107/110)     n/a                  n/a                  n/a                  n/a                  
|--tpgen_i                               100.00%              100.00% (79/79)      100.00%              100.00% (79/79)      n/a                  n/a                  n/a                  n/a                  
|--coverage_i                            100.00%              100.00% (101/101)    100.00%              100.00% (53/53)      n/a                  n/a                  100.00%              100.00% (48/48)      
|--scoreboard_i                          81.18%               88.24% (30/34)       62.36%               87.88% (29/33)       n/a                  n/a                  100.00%              100.00% (1/1)        
|--DUT                                   100.00%              100.00% (73/73)      100.00%              100.00% (73/73)      n/a                  n/a                  n/a                  n/a                  
